[    0.000000] Initializing cgroup subsys cpuset
[    0.000000] Initializing cgroup subsys cpu
[    0.000000] Initializing cgroup subsys cpuacct
[    0.000000] Linux version 4.4.0-146-generic (buildd@lcy01-amd64-025) (gcc version 5.4.0 20160609 (Ubuntu 5.4.0-6ubuntu1~16.04.10) ) #172-Ubuntu SMP Wed Apr 3 09:00:08 UTC 2019 (Ubuntu 4.4.0-146.172-generic 4.4.177)
[    0.000000] Command line: BOOT_IMAGE=/boot/vmlinuz-4.4.0-146-generic root=LABEL=cloudimg-rootfs ro console=tty1 console=ttyS0
[    0.000000] KERNEL supported cpus:
[    0.000000]   Intel GenuineIntel
[    0.000000]   AMD AuthenticAMD
[    0.000000]   Centaur CentaurHauls
[    0.000000] x86/fpu: xstate_offset[2]:  576, xstate_sizes[2]:  256
[    0.000000] x86/fpu: Supporting XSAVE feature 0x01: 'x87 floating point registers'
[    0.000000] x86/fpu: Supporting XSAVE feature 0x02: 'SSE registers'
[    0.000000] x86/fpu: Supporting XSAVE feature 0x04: 'AVX registers'
[    0.000000] x86/fpu: Enabled xstate features 0x7, context size is 832 bytes, using 'standard' format.
[    0.000000] e820: BIOS-provided physical RAM map:
[    0.000000] BIOS-e820: [mem 0x0000000000000000-0x000000000009fbff] usable
[    0.000000] BIOS-e820: [mem 0x000000000009fc00-0x000000000009ffff] reserved
[    0.000000] BIOS-e820: [mem 0x00000000000f0000-0x00000000000fffff] reserved
[    0.000000] BIOS-e820: [mem 0x0000000000100000-0x000000003ffeffff] usable
[    0.000000] BIOS-e820: [mem 0x000000003fff0000-0x000000003fffffff] ACPI data
[    0.000000] BIOS-e820: [mem 0x00000000fec00000-0x00000000fec00fff] reserved
[    0.000000] BIOS-e820: [mem 0x00000000fee00000-0x00000000fee00fff] reserved
[    0.000000] BIOS-e820: [mem 0x00000000fffc0000-0x00000000ffffffff] reserved
[    0.000000] NX (Execute Disable) protection: active
[    0.000000] SMBIOS 2.5 present.
[    0.000000] Hypervisor detected: KVM
[    0.000000] e820: last_pfn = 0x3fff0 max_arch_pfn = 0x400000000
[    0.000000] MTRR: Disabled
[    0.000000] x86/PAT: MTRRs disabled, skipping PAT initialization too.
[    0.000000] CPU MTRRs all blank - virtualized system.
[    0.000000] x86/PAT: Configuration [0-7]: WB  WT  UC- UC  WB  WT  UC- UC  
[    0.000000] found SMP MP-table at [mem 0x0009fff0-0x0009ffff] mapped at [ffff88000009fff0]
[    0.000000] Scanning 1 areas for low memory corruption
[    0.000000] RAMDISK: [mem 0x362fa000-0x37174fff]
[    0.000000] ACPI: Early table checksum verification disabled
[    0.000000] ACPI: RSDP 0x00000000000E0000 000024 (v02 VBOX  )
[    0.000000] ACPI: XSDT 0x000000003FFF0030 00003C (v01 VBOX   VBOXXSDT 00000001 ASL  00000061)
[    0.000000] ACPI: FACP 0x000000003FFF00F0 0000F4 (v04 VBOX   VBOXFACP 00000001 ASL  00000061)
[    0.000000] ACPI: DSDT 0x000000003FFF0470 0022EA (v02 VBOX   VBOXBIOS 00000002 INTL 20100528)
[    0.000000] ACPI: FACS 0x000000003FFF0200 000040
[    0.000000] ACPI: FACS 0x000000003FFF0200 000040
[    0.000000] ACPI: APIC 0x000000003FFF0240 000054 (v02 VBOX   VBOXAPIC 00000001 ASL  00000061)
[    0.000000] ACPI: SSDT 0x000000003FFF02A0 0001CC (v01 VBOX   VBOXCPUT 00000002 INTL 20100528)
[    0.000000] No NUMA configuration found
[    0.000000] Faking a node at [mem 0x0000000000000000-0x000000003ffeffff]
[    0.000000] NODE_DATA(0) allocated [mem 0x3ffeb000-0x3ffeffff]
[    0.000000] kvm-clock: Using msrs 4b564d01 and 4b564d00
[    0.000000] kvm-clock: cpu 0, msr 0:3ffe3001, primary cpu clock
[    0.000000] kvm-clock: using sched offset of 3393611462 cycles
[    0.000000] clocksource: kvm-clock: mask: 0xffffffffffffffff max_cycles: 0x1cd42e4dffb, max_idle_ns: 881590591483 ns
[    0.000000] Zone ranges:
[    0.000000]   DMA      [mem 0x0000000000001000-0x0000000000ffffff]
[    0.000000]   DMA32    [mem 0x0000000001000000-0x000000003ffeffff]
[    0.000000]   Normal   empty
[    0.000000]   Device   empty
[    0.000000] Movable zone start for each node
[    0.000000] Early memory node ranges
[    0.000000]   node   0: [mem 0x0000000000001000-0x000000000009efff]
[    0.000000]   node   0: [mem 0x0000000000100000-0x000000003ffeffff]
[    0.000000] Initmem setup node 0 [mem 0x0000000000001000-0x000000003ffeffff]
[    0.000000] ACPI: PM-Timer IO Port: 0x4008
[    0.000000] IOAPIC[0]: apic_id 1, version 32, address 0xfec00000, GSI 0-23
[    0.000000] ACPI: INT_SRC_OVR (bus 0 bus_irq 0 global_irq 2 dfl dfl)
[    0.000000] ACPI: INT_SRC_OVR (bus 0 bus_irq 9 global_irq 9 low level)
[    0.000000] Using ACPI (MADT) for SMP configuration information
[    0.000000] smpboot: Allowing 1 CPUs, 0 hotplug CPUs
[    0.000000] PM: Registered nosave memory: [mem 0x00000000-0x00000fff]
[    0.000000] PM: Registered nosave memory: [mem 0x0009f000-0x0009ffff]
[    0.000000] PM: Registered nosave memory: [mem 0x000a0000-0x000effff]
[    0.000000] PM: Registered nosave memory: [mem 0x000f0000-0x000fffff]
[    0.000000] e820: [mem 0x40000000-0xfebfffff] available for PCI devices
[    0.000000] Booting paravirtualized kernel on KVM
[    0.000000] clocksource: refined-jiffies: mask: 0xffffffff max_cycles: 0xffffffff, max_idle_ns: 7645519600211568 ns
[    0.000000] setup_percpu: NR_CPUS:512 nr_cpumask_bits:512 nr_cpu_ids:1 nr_node_ids:1
[    0.000000] PERCPU: Embedded 34 pages/cpu @ffff88003fc00000 s99480 r8192 d31592 u2097152
[    0.000000] Built 1 zonelists in Node order, mobility grouping on.  Total pages: 257912
[    0.000000] Policy zone: DMA32
[    0.000000] Kernel command line: BOOT_IMAGE=/boot/vmlinuz-4.4.0-146-generic root=LABEL=cloudimg-rootfs ro console=tty1 console=ttyS0
[    0.000000] PID hash table entries: 4096 (order: 3, 32768 bytes)
[    0.000000] Memory: 997868K/1048120K available (8609K kernel code, 1334K rwdata, 4028K rodata, 1484K init, 1284K bss, 50252K reserved, 0K cma-reserved)
[    0.000000] SLUB: HWalign=64, Order=0-3, MinObjects=0, CPUs=1, Nodes=1
[    0.000000] Kernel/User page tables isolation: enabled
[    0.000000] Hierarchical RCU implementation.
[    0.000000] 	Build-time adjustment of leaf fanout to 64.
[    0.000000] 	RCU restricting CPUs from NR_CPUS=512 to nr_cpu_ids=1.
[    0.000000] RCU: Adjusting geometry for rcu_fanout_leaf=64, nr_cpu_ids=1
[    0.000000] NR_IRQS:33024 nr_irqs:256 16
[    0.000000] Console: colour VGA+ 80x25
[    0.000000] console [tty1] enabled
[    0.000000] console [ttyS0] enabled
[    0.000000] tsc: Detected 2808.002 MHz processor
[    0.136047] Calibrating delay loop (skipped) preset value.. 5616.00 BogoMIPS (lpj=11232008)
[    0.137488] pid_max: default: 32768 minimum: 301
[    0.138565] ACPI: Core revision 20150930
[    0.140795] ACPI: 2 ACPI AML tables successfully acquired and loaded
[    0.142755] Security Framework initialized
[    0.144133] Yama: becoming mindful.
[    0.144863] AppArmor: AppArmor initialized
[    0.145810] Dentry cache hash table entries: 131072 (order: 8, 1048576 bytes)
[    0.148464] Inode-cache hash table entries: 65536 (order: 7, 524288 bytes)
[    0.149931] Mount-cache hash table entries: 2048 (order: 2, 16384 bytes)
[    0.151298] Mountpoint-cache hash table entries: 2048 (order: 2, 16384 bytes)
[    0.153554] Initializing cgroup subsys io
[    0.155209] Initializing cgroup subsys memory
[    0.156604] Initializing cgroup subsys devices
[    0.157569] Initializing cgroup subsys freezer
[    0.158632] Initializing cgroup subsys net_cls
[    0.159688] Initializing cgroup subsys perf_event
[    0.160972] Initializing cgroup subsys net_prio
[    0.162083] Initializing cgroup subsys hugetlb
[    0.162984] Initializing cgroup subsys pids
[    0.165106] mce: CPU supports 0 MCE banks
[    0.166022] process: using mwait in idle threads
[    0.167118] Last level iTLB entries: 4KB 64, 2MB 8, 4MB 8
[    0.168369] Last level dTLB entries: 4KB 64, 2MB 0, 4MB 0, 1GB 4
[    0.169605] Spectre V2 : Mitigation: Full generic retpoline
[    0.170627] Spectre V2 : Spectre v2 / SpectreRSB mitigation: Filling RSB on context switch
[    0.172647] Speculative Store Bypass: Vulnerable
[    0.195945] Freeing SMP alternatives memory: 36K
[    0.202472] ftrace: allocating 32287 entries in 127 pages
[    0.263991] smpboot: APIC(0) Converting physical 0 to logical package 0
[    0.265271] smpboot: Max logical packages: 1
[    0.266355] x2apic enabled
[    0.267180] Switched APIC routing to physical x2apic.
[    0.269148] ..TIMER: vector=0x30 apic1=0 pin1=2 apic2=-1 pin2=-1
[    0.379831] APIC calibration not consistent with PM-Timer: 104ms instead of 100ms
[    0.381218] APIC delta adjusted to PM-Timer: 6249898 (6520739)
[    0.382472] smpboot: CPU0: Intel(R) Core(TM) i7-7700HQ CPU @ 2.80GHz (family: 0x6, model: 0x9e, stepping: 0x9)
[    0.384783] Performance Events: unsupported p6 CPU model 158 no PMU driver, software events only.
[    0.395140] KVM setup paravirtual spinlock
[    0.396649] x86: Booted up 1 node, 1 CPUs
[    0.397465] smpboot: Total of 1 processors activated (5616.00 BogoMIPS)
[    0.398823] devtmpfs: initialized
[    0.400997] evm: security.selinux
[    0.401651] evm: security.SMACK64
[    0.402486] evm: security.SMACK64EXEC
[    0.403320] evm: security.SMACK64TRANSMUTE
[    0.404293] evm: security.SMACK64MMAP
[    0.405305] evm: security.ima
[    0.405892] evm: security.capability
[    0.406728] clocksource: jiffies: mask: 0xffffffff max_cycles: 0xffffffff, max_idle_ns: 7645041785100000 ns
[    0.408460] futex hash table entries: 256 (order: 2, 16384 bytes)
[    0.409702] pinctrl core: initialized pinctrl subsystem
[    0.410788] RTC time:  7:08:09, date: 06/05/19
[    0.411973] NET: Registered protocol family 16
[    0.412949] cpuidle: using governor ladder
[    0.413760] cpuidle: using governor menu
[    0.414594] PCCT header not found.
[    0.415395] ACPI: bus type PCI registered
[    0.416284] acpiphp: ACPI Hot Plug PCI Controller Driver version: 0.5
[    0.417505] PCI: Using configuration type 1 for base access
[    0.419498] ACPI: Added _OSI(Module Device)
[    0.420219] ACPI: Added _OSI(Processor Device)
[    0.421041] ACPI: Added _OSI(3.0 _SCP Extensions)
[    0.421849] ACPI: Added _OSI(Processor Aggregator Device)
[    0.423250] ACPI: Executed 1 blocks of module-level executable AML code
[    0.426136] ACPI: Interpreter enabled
[    0.426949] ACPI: (supports S0 S5)
[    0.427855] ACPI: Using IOAPIC for interrupt routing
[    0.429116] PCI: Using host bridge windows from ACPI; if necessary, use "pci=nocrs" and report a bug
[    0.433399] ACPI: PCI Root Bridge [PCI0] (domain 0000 [bus 00-ff])
[    0.434470] acpi PNP0A03:00: _OSC: OS supports [ASPM ClockPM Segments MSI]
[    0.435801] acpi PNP0A03:00: _OSC: not requesting OS control; OS requires [ExtendedConfig ASPM ClockPM MSI]
[    0.437362] acpi PNP0A03:00: fail to add MMCONFIG information, can't access extended PCI configuration space under this bridge.
[    0.439460] PCI host bridge to bus 0000:00
[    0.440382] pci_bus 0000:00: root bus resource [io  0x0000-0x0cf7 window]
[    0.441542] pci_bus 0000:00: root bus resource [io  0x0d00-0xffff window]
[    0.442817] pci_bus 0000:00: root bus resource [mem 0x000a0000-0x000bffff window]
[    0.444887] pci_bus 0000:00: root bus resource [mem 0x40000000-0xfdffffff window]
[    0.446793] pci_bus 0000:00: root bus resource [bus 00-ff]
[    0.449206] pci 0000:00:01.1: legacy IDE quirk: reg 0x10: [io  0x01f0-0x01f7]
[    0.450447] pci 0000:00:01.1: legacy IDE quirk: reg 0x14: [io  0x03f6]
[    0.451665] pci 0000:00:01.1: legacy IDE quirk: reg 0x18: [io  0x0170-0x0177]
[    0.452889] pci 0000:00:01.1: legacy IDE quirk: reg 0x1c: [io  0x0376]
[    0.465873] pci 0000:00:07.0: quirk: [io  0x4000-0x403f] claimed by PIIX4 ACPI
[    0.475778] pci 0000:00:07.0: quirk: [io  0x4100-0x410f] claimed by PIIX4 SMB
[    0.483274] ACPI: PCI Interrupt Link [LNKA] (IRQs 5 9 10 *11)
[    0.485053] ACPI: PCI Interrupt Link [LNKB] (IRQs 5 9 *10 11)
[    0.486973] ACPI: PCI Interrupt Link [LNKC] (IRQs 5 *9 10 11)
[    0.488694] ACPI: PCI Interrupt Link [LNKD] (IRQs 5 9 10 *11)
[    0.490365] ACPI: Enabled 2 GPEs in block 00 to 07
[    0.491546] vgaarb: setting as boot device: PCI:0000:00:02.0
[    0.492467] vgaarb: device added: PCI:0000:00:02.0,decodes=io+mem,owns=io+mem,locks=none
[    0.493726] vgaarb: loaded
[    0.494549] vgaarb: bridge control possible 0000:00:02.0
[    0.495857] SCSI subsystem initialized
[    0.496684] ACPI: bus type USB registered
[    0.497377] usbcore: registered new interface driver usbfs
[    0.498243] usbcore: registered new interface driver hub
[    0.499121] usbcore: registered new device driver usb
[    0.499960] PCI: Using ACPI for IRQ routing
[    0.500968] NetLabel: Initializing
[    0.501526] NetLabel:  domain hash size = 128
[    0.502518] NetLabel:  protocols = UNLABELED CIPSOv4
[    0.503761] NetLabel:  unlabeled traffic allowed by default
[    0.505249] amd_nb: Cannot enumerate AMD northbridges
[    0.506083] clocksource: Switched to clocksource kvm-clock
[    0.513393] AppArmor: AppArmor Filesystem Enabled
[    0.514468] pnp: PnP ACPI init
[    0.515798] pnp: PnP ACPI: found 3 devices
[    0.523154] clocksource: acpi_pm: mask: 0xffffff max_cycles: 0xffffff, max_idle_ns: 2085701024 ns
[    0.525220] NET: Registered protocol family 2
[    0.526324] TCP established hash table entries: 8192 (order: 4, 65536 bytes)
[    0.527765] TCP bind hash table entries: 8192 (order: 5, 131072 bytes)
[    0.528914] TCP: Hash tables configured (established 8192 bind 8192)
[    0.530070] UDP hash table entries: 512 (order: 2, 16384 bytes)
[    0.531177] UDP-Lite hash table entries: 512 (order: 2, 16384 bytes)
[    0.532635] NET: Registered protocol family 1
[    0.533448] pci 0000:00:00.0: Limiting direct PCI/PCI transfers
[    0.534680] pci 0000:00:01.0: Activating ISA DMA hang workarounds
[    0.536214] Unpacking initramfs...
[    0.771831] Freeing initrd memory: 14828K
[    0.773191] platform rtc_cmos: registered platform RTC device (no PNP device found)
[    0.775086] Scanning for low memory corruption every 60 seconds
[    0.776812] audit: initializing netlink subsys (disabled)
[    0.778305] audit: type=2000 audit(1559718494.448:1): initialized
[    0.780159] Initialise system trusted keyring
[    0.781040] HugeTLB registered 2 MB page size, pre-allocated 0 pages
[    0.785664] zbud: loaded
[    0.786577] VFS: Disk quotas dquot_6.6.0
[    0.788093] VFS: Dquot-cache hash table entries: 512 (order 0, 4096 bytes)
[    0.789964] squashfs: version 4.0 (2009/01/31) Phillip Lougher
[    0.791530] fuse init (API version 7.23)
[    0.792636] Key type big_key registered
[    0.793828] Allocating IMA MOK and blacklist keyrings.
[    0.796140] Key type asymmetric registered
[    0.797343] Asymmetric key parser 'x509' registered
[    0.798407] Block layer SCSI generic (bsg) driver version 0.4 loaded (major 249)
[    0.800846] io scheduler noop registered
[    0.801623] io scheduler deadline registered (default)
[    0.802621] io scheduler cfq registered
[    0.803461] pci_hotplug: PCI Hot Plug PCI Core version: 0.5
[    0.804587] pciehp: PCI Express Hot Plug Controller Driver version: 0.4
[    0.805688] ACPI: AC Adapter [AC] (on-line)
[    0.806518] input: Power Button as /devices/LNXSYSTM:00/LNXPWRBN:00/input/input0
[    0.807793] ACPI: Power Button [PWRF]
[    0.808597] input: Sleep Button as /devices/LNXSYSTM:00/LNXSLPBN:00/input/input1
[    0.810041] ACPI: Sleep Button [SLPF]
[    0.812235] ACPI: Battery Slot [BAT0] (battery present)
[    0.813513] GHES: HEST is not enabled!
[    0.814316] Serial: 8250/16550 driver, 32 ports, IRQ sharing enabled
[    0.835916] 00:02: ttyS0 at I/O 0x3f8 (irq = 4, base_baud = 115200) is a 16550A
[    0.838556] Linux agpgart interface v0.103
[    0.841269] loop: module loaded
[    0.842439] scsi host0: ata_piix
[    0.843214] scsi host1: ata_piix
[    0.843939] ata1: PATA max UDMA/33 cmd 0x1f0 ctl 0x3f6 bmdma 0xd000 irq 14
[    0.845400] ata2: PATA max UDMA/33 cmd 0x170 ctl 0x376 bmdma 0xd008 irq 15
[    0.847162] libphy: Fixed MDIO Bus: probed
[    0.847967] tun: Universal TUN/TAP device driver, 1.6
[    0.848915] tun: (C) 1999-2004 Max Krasnyansky <maxk@qualcomm.com>
[    0.850216] PPP generic driver version 2.4.2
[    0.851088] ehci_hcd: USB 2.0 'Enhanced' Host Controller (EHCI) Driver
[    0.852141] ehci-pci: EHCI PCI platform driver
[    0.853003] ehci-platform: EHCI generic platform driver
[    0.854130] ohci_hcd: USB 1.1 'Open' Host Controller (OHCI) Driver
[    0.855277] ohci-pci: OHCI PCI platform driver
[    0.856132] ohci-platform: OHCI generic platform driver
[    0.857043] uhci_hcd: USB Universal Host Controller Interface driver
[    0.858255] i8042: PNP: PS/2 Controller [PNP0303:PS2K,PNP0f03:PS2M] at 0x60,0x64 irq 1,12
[    0.860424] serio: i8042 KBD port at 0x60,0x64 irq 1
[    0.861948] serio: i8042 AUX port at 0x60,0x64 irq 12
[    0.863027] mousedev: PS/2 mouse device common for all mice
[    0.864435] input: AT Translated Set 2 keyboard as /devices/platform/i8042/serio0/input/input2
[    0.866627] rtc_cmos rtc_cmos: rtc core: registered rtc_cmos as rtc0
[    0.867758] rtc_cmos rtc_cmos: alarms up to one day, 114 bytes nvram
[    0.868812] i2c /dev entries driver
[    0.869619] device-mapper: uevent: version 1.0.3
[    0.870646] device-mapper: ioctl: 4.34.0-ioctl (2015-10-28) initialised: dm-devel@redhat.com
[    0.872502] ledtrig-cpu: registered to indicate activity on CPUs
[    0.873943] NET: Registered protocol family 10
[    0.875050] NET: Registered protocol family 17
[    0.876035] Key type dns_resolver registered
[    0.876954] registered taskstats version 1
[    0.877680] Loading compiled-in X.509 certificates
[    0.879293] Loaded X.509 cert 'Build time autogenerated kernel key: 4dcb2dc2c7cf43e0c20c44384f68683c20294489'
[    0.880867] zswap: loaded using pool lzo/zbud
[    0.882766] Key type trusted registered
[    0.885452] Key type encrypted registered
[    0.886088] AppArmor: AppArmor sha1 policy hashing enabled
[    0.887146] ima: No TPM chip found, activating TPM-bypass!
[    0.888115] ima: Allocated hash algorithm: sha1
[    0.888854] evm: HMAC attrs: 0x1
[    0.889814]   Magic number: 7:180:116
[    0.890727] rtc_cmos rtc_cmos: setting system clock to 2019-06-05 07:08:10 UTC (1559718490)
[    0.892310] BIOS EDD facility v0.16 2004-Jun-25, 0 devices found
[    0.893444] EDD information not available.
[    1.008857] Freeing unused kernel memory: 1484K
[    1.012771] Write protecting the kernel read-only data: 14336k
[    1.015926] Freeing unused kernel memory: 1620K
[    1.018125] Freeing unused kernel memory: 68K
Loading, please wait...
starting version 229
[    1.035202] random: udevadm: uninitialized urandom read (16 bytes read, 3 bits of entropy available)
[    1.037528] random: udevadm: uninitialized urandom read (16 bytes read, 3 bits of entropy available)
[    1.040556] random: systemd-udevd: uninitialized urandom read (16 bytes read, 3 bits of entropy available)
[    1.043214] random: systemd-udevd: uninitialized urandom read (16 bytes read, 3 bits of entropy available)
[    1.046045] random: systemd-udevd: uninitialized urandom read (16 bytes read, 3 bits of entropy available)
[    1.050386] random: systemd-udevd: uninitialized urandom read (16 bytes read, 3 bits of entropy available)
[    1.057450] random: systemd-udevd: uninitialized urandom read (16 bytes read, 3 bits of entropy available)
[    1.061575] random: systemd-udevd: uninitialized urandom read (16 bytes read, 3 bits of entropy available)
[    1.064609] random: udevadm: uninitialized urandom read (16 bytes read, 3 bits of entropy available)
[    1.066476] random: systemd-udevd: uninitialized urandom read (16 bytes read, 3 bits of entropy available)
[    1.119945] e1000: Intel(R) PRO/1000 Network Driver - version 7.3.21-k8-NAPI
[    1.121556] e1000: Copyright (c) 1999-2006 Intel Corporation.
[    1.127704] Fusion MPT base driver 3.04.20
[    1.128670] Copyright (c) 1999-2008 LSI Corporation
[    1.147189] Fusion MPT SPI Host driver 3.04.20
[    1.161507] AVX2 version of gcm_enc/dec engaged.
[    1.162509] AES CTR mode by8 optimization enabled
[    1.336335] input: ImExPS/2 Generic Explorer Mouse as /devices/platform/i8042/serio1/input/input4
[    1.502158] e1000 0000:00:03.0 eth0: (PCI:33MHz:32-bit) 02:6d:cd:79:6e:19
[    1.503359] e1000 0000:00:03.0 eth0: Intel(R) PRO/1000 Network Connection
[    1.505003] mptbase: ioc0: Initiating bringup
[    1.566316] ioc0: LSI53C1030 A0: Capabilities={Initiator}
[    1.730261] scsi host2: ioc0: LSI53C1030 A0, FwRev=00000000h, Ports=1, MaxQ=256, IRQ=20
[    1.770900] tsc: Refined TSC clocksource calibration: 2810.122 MHz
[    1.773804] clocksource: tsc: mask: 0xffffffffffffffff max_cycles: 0x28819ae8405, max_idle_ns: 440795321703 ns
[    1.851395] scsi 2:0:0:0: Direct-Access     VBOX     HARDDISK         1.0  PQ: 0 ANSI: 5
[    1.853081] scsi target2:0:0: Beginning Domain Validation
[    1.856621] scsi target2:0:0: Domain Validation skipping write tests
[    1.857658] scsi target2:0:0: Ending Domain Validation
[    1.858497] scsi target2:0:0: asynchronous
[    1.859402] scsi 2:0:1:0: Direct-Access     VBOX     HARDDISK         1.0  PQ: 0 ANSI: 5
[    1.860855] scsi target2:0:1: Beginning Domain Validation
[    1.862237] scsi target2:0:1: Domain Validation skipping write tests
[    1.863156] scsi target2:0:1: Ending Domain Validation
[    1.863952] scsi target2:0:1: asynchronous
[    1.869578] sd 2:0:0:0: Attached scsi generic sg0 type 0
[    1.895905] sd 2:0:0:0: [sda] 20971520 512-byte logical blocks: (10.7 GB/10.0 GiB)
[    1.906200] sd 2:0:0:0: [sda] Write Protect is off
[    1.911989] sd 2:0:0:0: [sda] Incomplete mode parameter data
[    1.913118] sd 2:0:0:0: [sda] Assuming drive cache: write through
[    1.927251] sd 2:0:1:0: [sdb] 20480 512-byte logical blocks: (10.5 MB/10.0 MiB)
[    1.929296]  sda: sda1
[    1.930343] sd 2:0:1:0: [sdb] Write Protect is off
[    1.931533] sd 2:0:1:0: Attached scsi generic sg1 type 0
[    1.932856] sd 2:0:1:0: [sdb] Incomplete mode parameter data
[    1.934225] sd 2:0:1:0: [sdb] Assuming drive cache: write through
[    1.935439] sd 2:0:0:0: [sda] Attached SCSI disk
[    2.003489] sd 2:0:1:0: [sdb] Attached SCSI disk
[    2.254174] e1000 0000:00:08.0 eth1: (PCI:33MHz:32-bit) 08:00:27:19:31:cf
[    2.255373] e1000 0000:00:08.0 eth1: Intel(R) PRO/1000 Network Connection
[    2.257220] e1000 0000:00:08.0 enp0s8: renamed from eth1
[    2.259586] e1000 0000:00:03.0 enp0s3: renamed from eth0
Begin: Loading essential drivers ... [    3.558584] md: linear personality registered for level -1
[    3.562184] md: multipath personality registered for level -4
[    3.565511] md: raid0 personality registered for level 0
[    3.569434] md: raid1 personality registered for level 1
[    3.642621] raid6: sse2x1   gen()  9911 MB/s
[    3.710359] raid6: sse2x1   xor()  8125 MB/s
[    3.778535] raid6: sse2x2   gen() 12813 MB/s
[    3.846708] raid6: sse2x2   xor()  9005 MB/s
[    3.914463] raid6: sse2x4   gen() 14167 MB/s
[    3.982571] raid6: sse2x4   xor() 10066 MB/s
[    4.050425] raid6: avx2x1   gen() 17603 MB/s
[    4.118226] raid6: avx2x2   gen() 21741 MB/s
[    4.186574] raid6: avx2x4   gen() 26519 MB/s
[    4.187355] raid6: using algorithm avx2x4 gen() 26519 MB/s
[    4.188327] raid6: using avx2x2 recovery algorithm
[    4.191290] xor: automatically using best checksumming function:
[    4.230193]    avx       : 23856.000 MB/sec
[    4.232559] async_tx: api initialized (async)
[    4.243615] md: raid6 personality registered for level 6
[    4.244771] md: raid5 personality registered for level 5
[    4.245989] md: raid4 personality registered for level 4
[    4.251559] md: raid10 personality registered for level 10
done.
Begin: Running /scripts/init-premount ... done.
Begin: Mounting root file system ... Begin: Running /scripts/local-top ... done.
Begin: Running /scripts/local-premount ... [    4.280326] Btrfs loaded
Scanning for Btrfs filesystems
done.
Warning: fsck not present, so skipping root file system
[    4.307393] EXT4-fs (sda1): mounted filesystem with ordered data mode. Opts: (null)
done.
Begin: Running /scripts/local-bottom ... done.
Begin: Running /scripts/init-bottom ... done.
[    4.386148] systemd[1]: systemd 229 running in system mode. (+PAM +AUDIT +SELINUX +IMA +APPARMOR +SMACK +SYSVINIT +UTMP +LIBCRYPTSETUP +GCRYPT +GNUTLS +ACL +XZ -LZ4 +SECCOMP +BLKID +ELFUTILS +KMOD -IDN)
[    4.389582] systemd[1]: Detected virtualization oracle.
[    4.390363] systemd[1]: Detected architecture x86-64.

Welcome to [1mUbuntu 16.04.6 LTS[0m!

[    4.400462] systemd[1]: Set hostname to <ubuntu>.
[    4.403522] systemd[1]: Initializing machine ID from random generator.
[    4.404530] systemd[1]: Installed transient /etc/machine-id file.
[    4.519638] systemd[1]: Listening on Journal Socket.
[[0;32m  OK  [0m] Listening on Journal Socket.
[    4.521142] systemd[1]: Started Forward Password Requests to Wall Directory Watch.
[[0;32m  OK  [0m] Started Forward Password Requests to Wall Directory Watch.
[    4.523144] systemd[1]: Reached target Swap.
[[0;32m  OK  [0m] Reached target Swap.
[    4.524518] systemd[1]: Started Trigger resolvconf update for networkd DNS.
[[0;32m  OK  [0m] Started Trigger resolvconf update for networkd DNS.
[    4.526548] systemd[1]: Listening on udev Control Socket.
[[0;32m  OK  [0m] Listening on udev Control Socket.
[    4.528169] systemd[1]: Reached target Encrypted Volumes.
[[0;32m  OK  [0m] Reached target Encrypted Volumes.
[    4.529788] systemd[1]: Listening on Device-mapper event daemon FIFOs.
[[0;32m  OK  [0m] Listening on Device-mapper event daemon FIFOs.
[    4.531671] systemd[1]: Listening on Journal Socket (/dev/log).
[[0;32m  OK  [0m] Listening on Journal Socket (/dev/log).
[    4.533528] systemd[1]: Listening on LVM2 metadata daemon socket.
[[0;32m  OK  [0m] Listening on LVM2 metadata daemon socket.
[    4.535248] systemd[1]: Listening on LVM2 poll daemon socket.
[[0;32m  OK  [0m] Listening on LVM2 poll daemon socket.
[    4.536864] systemd[1]: Listening on udev Kernel Socket.
[[0;32m  OK  [0m] Listening on udev Kernel Socket.
[    4.538537] systemd[1]: Set up automount Arbitrary Executable File Formats File System Automount Point.
[[0;32m  OK  [0m] Set up automount Arbitrary Executab...ats File System Automount Point.
[    4.540861] systemd[1]: Reached target User and Group Name Lookups.
[[0;32m  OK  [0m] Reached target User and Group Name Lookups.
[    4.543084] systemd[1]: Created slice User and Session Slice.
[[0;32m  OK  [0m] Created slice User and Session Slice.
[    4.544830] systemd[1]: Created slice System Slice.
[[0;32m  OK  [0m] Created slice System Slice.
[    4.546967] systemd[1]: Starting Set console keymap...
         Starting Set console keymap...
[    4.549379] systemd[1]: Mounting Huge Pages File System...
         Mounting Huge Pages File System...
[    4.551847] systemd[1]: Created slice system-serial\x2dgetty.slice.
[[0;32m  OK  [0m] Created slice system-serial\x2dgetty.slice.
[    4.562441] systemd[1]: Mounting POSIX Message Queue File System...
         Mounting POSIX Message Queue File System...
[    4.567760] systemd[1]: Mounting Debug File System...
         Mounting Debug File System...
[    4.575101] systemd[1]: Starting Nameserver information manager...
         Starting Nameserver information manager...
[    4.581968] systemd[1]: Starting Load Kernel Modules...
         Starting Load Kernel Modules...
[    4.585388] systemd[1]: Starting Remount Root and Kernel File Systems...
         Starting Remount Root and Kernel File Systems...
[    4.590696] systemd[1]: Reached target Slices.
[[0;32m  OK  [0m] Reached target Slices.
[    4.594438] systemd[1]: Reached target System Time Synchronized.
[[0;32m  OK  [0m] Reached target System Time Synchronized.
[    4.597816] EXT4-fs (sda1): re-mounted. Opts: (null)
[    4.599820] systemd[1]: Starting Create list of required static device nodes for the current kernel...
         Starting Create list of required st... nodes for the current kernel...
[    4.605396] Loading iSCSI transport class v2.0-870.
[    4.606835] systemd[1]: Listening on Journal Audit Socket.
[[0;32m  OK  [0m] Listening on Journal Audit Socket.
[    4.610690] systemd[1]: Starting Uncomplicated firewall...
         Starting Uncomplicated firewall...
[    4.615831] systemd[1]: Starting Monitoring of LVM2 mirrors, snapshots etc. using dmeventd or progress polling...
         Starting Monitoring of LVM2 mirrors... dmeventd or progress polling...
[    4.623528] systemd[1]: Listening on /dev/initctl Compatibility Named Pipe.
[[0;32m  OK  [0m] Listening on /dev/initctl Compatibility Named Pipe.
[    4.629147] systemd[1]: Listening on Syslog Socket.
[[0;32m  OK  [0m] Listening on Syslog Socket.
[    4.632010] iscsi: registered transport (tcp)
[    4.633557] systemd[1]: Starting Journal Service...
         Starting Journal Service...
[    4.638018] systemd[1]: Mounted Debug File System.
[[0;32m  OK  [0m] Mounted Debug File System.
[    4.639618] systemd[1]: Mounted POSIX Message Queue File System.
[[0;32m  OK  [0m] Mounted POSIX Message Queue File System.
[    4.642542] systemd[1]: Mounted Huge Pages File System.
[[0;32m  OK  [0m] Mounted Huge Pages File System.
[    4.647594] systemd[1]: Started Remount Root and Kernel File Systems.
[[0;32m  OK  [0m] Started Remount Root and Kernel File Systems.
[    4.656639] systemd[1]: Started Create list of required static device nodes for the current kernel.
[[0;32m  OK  [0m] Started Create list of required sta...ce nodes for the current kernel.
[    4.662766] systemd[1]: Started Uncomplicated firewall.
[[0;32m  OK  [0m] Started Uncomplicated firewall.
[    4.665519] systemd[1]: Started Nameserver information manager.
[[0;32m  OK  [0m] Started Nameserver information manager.
[    4.708160] systemd[1]: Started Set console keymap.
[[0;32m  OK  [0m] Started Set console keymap.
[    4.721308] systemd[1]: Started Journal Service.
[[0;32m  OK  [0m] Started Journal Service.
[[0;32m  OK  [0m] Started LVM2 metadata daemon.
[    4.752558] iscsi: registered transport (iser)
         Starting Create Static Device Nodes in /dev...
         Starting udev Coldplug all Devices...
         Starting Load/Save Random Seed...
         Starting Flush Journal to Persistent Storage...
[[0;32m  OK  [0m] Started Load Kernel Modules.
[[0;32m  OK  [0m] Started Load/Save Random Seed.
[[0;32m  OK  [0m] Started Create Static Device Nodes in /dev.
[    4.822850] systemd-journald[398]: Received request to flush runtime journal from PID 1
         Starting udev Kernel Device Manager...
         Starting Apply Kernel Variables...
         Mounting FUSE Control File System...
[[0;32m  OK  [0m] Mounted FUSE Control File System.
[[0;32m  OK  [0m] Started Flush Journal to Persistent Storage.
[[0;32m  OK  [0m] Started Apply Kernel Variables.
[[0;32m  OK  [0m] Started udev Coldplug all Devices.
[[0;32m  OK  [0m] Started udev Kernel Device Manager.
[[0;32m  OK  [0m] Started Dispatch Password Requests to Console Directory Watch.
[[0;32m  OK  [0m] Started Monitoring of LVM2 mirrors,...ng dmeventd or progress polling.
[[0;32m  OK  [0m] Reached target Local File Systems (Pre).
[[0;32m  OK  [0m] Reached target Local File Systems.
         Starting Initial cloud-init job (pre-networking)...
         Starting Create Volatile Files and Directories...
         Starting LSB: AppArmor initialization...
         Starting Tell Plymouth To Write Out Runtime Data...
         Starting Set console font and keymap...
         Starting Commit a transient machine-id on disk...
[[0;32m  OK  [0m] Started Commit a transient machine-id on disk.
[[0;32m  OK  [0m] Started Tell Plymouth To Write Out Runtime Data.
[[0;32m  OK  [0m] Started Create Volatile Files and Directories.
         Starting Update UTMP about System Boot/Shutdown...
[[0;32m  OK  [0m] Started Update UTMP about System Boot/Shutdown.
[[0;32m  OK  [0m] Found device /dev/ttyS0.
[[0;32m  OK  [0m] Listening on Load/Save RF Kill Switch Status /dev/rfkill Watch.
[[0;32m  OK  [0m] Started Set console font and keymap.
[    6.512145] cloud-init[492]: Cloud-init v. 18.5-45-g3554ffe8-0ubuntu1~16.04.1 running 'init-local' at Wed, 05 Jun 2019 07:08:15 +0000. Up 5.95 seconds.
[[0;32m  OK  [0m] Created slice system-getty.slice.
[[0;32m  OK  [0m] Started Initial cloud-init job (pre-networking).
[[0;32m  OK  [0m] Reached target Network (Pre).
[[0;32m  OK  [0m] Started LSB: AppArmor initialization.
         Starting Raise network interfaces...
[[0;32m  OK  [0m] Started Raise network interfaces.
         Starting Initial cloud-init job (metadata service crawler)...
[[0;32m  OK  [0m] Reached target Network.
[    7.910807] cloud-init[968]: Cloud-init v. 18.5-45-g3554ffe8-0ubuntu1~16.04.1 running 'init' at Wed, 05 Jun 2019 07:08:17 +0000. Up 7.43 seconds.
[    7.912292] cloud-init[968]: ci-info: ++++++++++++++++++++++++++++++++++++++Net device info+++++++++++++++++++++++++++++++++++++++
[    7.920631] cloud-init[968]: ci-info: +--------+-------+----------------------------+---------------+--------+-------------------+
[    7.928627] cloud-init[968]: ci-info: | Device |   Up  |          Address           |      Mask     | Scope  |     Hw-Address    |
[    7.936445] cloud-init[968]: ci-info: +--------+-------+----------------------------+---------------+--------+-------------------+
[    7.938667] cloud-init[968]: ci-info: | enp0s3 |  True |         10.0.2.15          | 255.255.255.0 | global | 02:6d:cd:79:6e:19 |
[    7.944358] cloud-init[968]: ci-info: | enp0s3 |  True | fe80::6d:cdff:fe79:6e19/64 |       .       |  link  | 02:6d:cd:79:6e:19 |
[    7.952309] cloud-init[968]: ci-info: | enp0s8 | False |             .              |       .       |   .    | 08:00:27:19:31:cf |
[    7.953263] cloud-init[968]: ci-info: |   lo   |  True |         127.0.0.1          |   255.0.0.0   |  host  |         .         |
[    7.954367] cloud-init[968]: ci-info: |   lo   |  True |          ::1/128           |       .       |  host  |         .         |
[    7.960539] cloud-init[968]: ci-info: +--------+-------+----------------------------+---------------+--------+-------------------+
[[0;32m  OK  [0m] Started Initial cloud-init job (metadata service crawler).
[    7.971158] cloud-init[968]: ci-info: +++++++++++++++++++++++++++Route IPv4 info++++++++++++++++++++++++++++
[    7.973725] cloud-init[968]: ci-info: +-------+-------------+----------+---------------+-----------+-------+
[    7.974740] cloud-init[968]: ci-info: | Route | Destination | Gateway  |    Genmask    | Interface | Flags |
[    7.975832] cloud-init[968]: ci-info: +-------+-------------+----------+---------------+-----------+-------+
[    7.976989] cloud-init[968]: ci-info: |   0   |   0.0.0.0   | 10.0.2.2 |    0.0.0.0    |   enp0s3  |   UG  |
[[0;32m  OK  [0m] Reached target System Initialization.
[    7.980848] cloud-init         Starting LXD - unix socket.
[[0;32m  OK  [0m] Listening on UUID daemon activation socket.
[968]: ci-info: |   1   |   10.0.2.0  | 0.0.0.0  | 255.255.255.0 |   enp0s3  |   U   |[[0;32m  OK  [0m] Started ACPI Events Check.
[[0;32m  OK  [0m] Reached target Paths.
[[0;32m  OK  [0m] Started Daily apt download activities.
[[0;32m  OK  [0m] Started Daily apt upgrade and clean activities.
[[0;32m  OK  [0m] Listening on ACPID Listen Socket.
[[0;32m  OK  [0m] Listening on D-Bus System Message Bus Socket.
         Starting Socket activation for snappy daemon.
[
[    7.988266] cloud-init[968]: ci-info: +-------+-------------+----------+---------------+-----------+-------+
[    7.989148] cloud-init[968]: ci-info: +++++++++++++++++++Route IPv6 info+++++++++++++++++++
[    7.989981] cloud-init[968]: ci-info: +-------+-------------+---------+-----------+-------+
[    7.990787] cloud-init[968]: ci-info: | Route | Destination | Gateway | Interface | Flags |
[    7.991831] cloud-init[0;32m  OK  [0m] Started Daily Cleanup of Temporary Directories.
[[0;32m  OK  [0m] Reached target Timers.
[[0;32m  OK  [0m] Reached target Network is Online.
         Starting iSCSI initiator daemon (iscsid)...
[[0;32m  OK  [0m] Reached target Cloud-config availability.
[[968]: ci-info: +-------+-------------+---------+-----------+-------+
[    7.996956] cloud-init[968]: ci-info: |   0   |  fe80::/64  |    ::   |   enp0s3  |   U   |
[    7.997651] cloud-init[968]: ci-info: |   3   |   ff00::/8  |    ::   |   enp0s3  |   U   |
[    7.998523] cloud-init[968]: ci-info: +-------+-------------+---------+-----------+-------+
[    7.999361] cloud-init[968]: Generating public/private rsa key pair.
[    7.999980] [0;32m  OK  [0m] Listening on LXD - unix socket.
cloud-init[968]: Your identification has been saved in /etc/ssh/ssh_host_rsa_key.[[0;32m  OK  [0m] Listening on Socket activation for snappy daemon.
[[0;32m  OK  [0m] Reached target Sockets.

[    8.004764] cloud-init[968]: Your public key has been saved in /etc/ssh/ssh_host_rsa_key.pub.[[0;32m  OK  [0m] Reached target Basic System.
         Starting Pollinate to seed the pseudo random number generator...
         Starting System Logging Service...
         Starting Login Service...
         Starting Virtualbox guest utils...
[
[    8.013064] cloud-init[968]: The key fingerprint is:
[    8.014223] cloud-init[968]: SHA256:iqTx2kFARwi3A6NWnHy6ujvr9pmV/KcB96OSSYaNhoM root@ubuntu-xenial
[    8.017289] cloud-init[0;32m  OK  [0m] Started D-Bus System Message Bus.
[968]: The key's randomart image is:
[    8.043949] cloud-init[968]: +---[RSA 2048]----+
[    8.046982] cloud-init[968]: |+.=++            |
[    8.052373] cloud-init[968]: |.=o* .           |
[    8.053718] cloud-init[968]: |..+ o            |
[    8.058721] cloud-init[968]: |.  +             |
         Starting Accounts Service...
[    8.068071] cloud-init[968]: |. o B. .S        |         Starting /etc/rc.local Compatibility...
[[0;32m  OK  [0m] Started Deferred execution scheduler.

[    8.074225] cloud-init[[0;32m  OK  [0m] Started FUSE filesystem for LXC.
         Starting LSB: MD monitoring daemon...
[968]: |Eo @.=+..        |
[[0;32m  OK  [0m] Started Regular background program processing daemon.
[[0;32m  OK  [0m] Started ACPI event daemon.
         Starting Snappy daemon...
         Starting LSB: Record successful boot for GRUB...
         Starting LXD - container startup/shutdown...
[[0;32m  OK  [0m] Started System Logging Service.
[[0;32m  OK  [0m] Started /etc/rc.local Compatibility.
[[0;32m  OK  [0m] Started iSCSI initiator daemon (iscsid).
[    8.162175] cloud-init[968]: |  = *++. o       |
[    8.186859] cloud-init[968]: | + o+=. o..      |
[    8.205153] cloud-init[968]: |o=B+. .+o        |
[    8.209053] cloud-init[968]: +----[SHA256]-----+
[    8.228730] cloud-init[968]: Generating public/private dsa key pair.         Starting Login to default iSCSI targets...
[[0;32m  OK  [0m] Started Login Service.
[[0;32m  OK  [0m] Started Unattended Upgrades Shutdown.
[[0;32m  OK  [0m] Started Login to default iSCSI targets.
[[0;32m  OK  [0m] Reached target Remote File Systems (Pre).
[[0;32m  OK  [0m] Reached target Remote File Systems.
         Starting Permit User Sessions...
         Starting LSB: Set the CPU Frequency Scaling governor to "ondemand"...
         Starting LSB: automatic crash report generation...
         
Starting LSB: daemon to balance interrupts for SMP systems...
[[0;32m  OK  [0m] Started Permit User Sessions.
[    8.312019] cloud-init[968]: Your identification has been saved in /etc/ssh/ssh_host_dsa_key.
         Starting Authenticate and Authorize Users to Run Privileged Tasks...
         Starting Terminate Plymouth Boot Screen...
         Starting Hold until boot process finishes up...
[[0;32m  OK  [0m] Started Hold until boot process finishes up.
[[0;32m  OK  [0m] Started Terminate Plymouth Boot Screen.
[    8.330861] cloud-init[968]: Your public key has been saved in /etc/ssh/ssh_host_dsa_key.pub.
[[0;32m  OK  [0m] Started LSB: Set the CPU Frequency Scaling governor to "ondemand".
         Starting Set console scheme...
[[0;32m  OK  [0m] Started Getty on tty1.
[[0;32m  OK  [0m] Started Serial Getty on ttyS0.
[[0;32m  OK  [0m] Reached target Login Prompts.
[[0;32m  OK  [0m] Started Set console scheme.
[[0;32m  OK  [0m] Started Authenticate and Authorize Users to Run Privileged Tasks.
[[0;32m  OK  [0m] Started LSB: MD monitoring daemon.
[    8.412377] cloud-init[968]: The key fingerprint is:
[[0;32m  OK  [0m] Started Accounts Service.
[[0;32m  OK  [0m] Started LSB: Record successful boot for GRUB.
[    8.419464] cloud-init[968]: SHA256:EA8wBbclnksEeIvrKhO+3mfTPeEC5zlwEJ+LLa5BRVY root@ubuntu-xenial
[    8.426944] cloud-init[968]: The key's randomart image is:
[[0;32m  OK  [0m] Started LSB: automatic crash report generation.
[    8.440319] cloud-init[968]: +---[DSA 1024]----+
[    8.447221] cloud-init[968]: |   .=BOE.        |
[[0;32m  OK  [0m] Started LXD - container startup/shutdown.
[[0;32m  OK  [0m] Started LSB: daemon to balance interrupts for SMP systems.
[    8.461880] cloud-init[968]: |  . +* O         |
[    8.463640] cloud-init[968]: |   o oO o        |
[    8.470002] cloud-init[968]: |  . oo =         |
[    8.474723] cloud-init[968]: |   o  = S        |
[    8.477631] cloud-init[968]: |. o  = = .       |
[    8.486019] cloud-init[968]: |.o .. O + .      |
[    8.486959] cloud-init[968]: |o.o .= * +       |
[    8.489976] cloud-init[968]: |+=.o+ . o .      |
[    8.494319] cloud-init[968]: +----[SHA256]-----+
[    8.495201] cloud-init[968]: Generating public/private ecdsa key pair.
[    8.498312] cloud-init[968]: Your identification has been saved in /etc/ssh/ssh_host_ecdsa_key.
[    8.508128] cloud-init[968]: Your public key has been saved in /etc/ssh/ssh_host_ecdsa_key.pub.
[    8.513075] cloud-init[968]: The key fingerprint is:
[    8.527738] [[0;32m  OK  [0m] Started Virtualbox guest utils.
cloud-init[968]: SHA256:mbejVl7rXo4X9Rk6uVevHC3uKR9hSxbQuLr898qtjUg root@ubuntu-xenial
[    8.534144] cloud-init[968]: The key's randomart image is:
[    8.536497] cloud-init[968]: +---[ECDSA 256]---+
[    8.542063] cloud-init[968]: |            .o   |
[    8.544851] cloud-init[968]: |            ...  |
[    8.552461] cloud-init[968]: |             ..  |
[    8.552962] cloud-init[968]: |         o  .  o.|
[    8.560237] cloud-init[968]: |        S ..  B.+|
[    8.561078] cloud-init[968]: |         .o..B.=o|
[    8.562671] cloud-init[968]: |         +ooE.O.+|
[    8.563460] cloud-init[968]: |        ..+ooXoX.|
[    8.564734] cloud-init[968]: |       ..  +**#=+|
[[0;32m  OK  [0m] Started Snappy daemon.
         Starting Wait until snapd is fully seeded...
[    8.586218] cloud-init[968]: +----[SHA256]-----+
[    8.597050] cloud-init[968]: Generating public/private ed25519 key pair.
[    8.599021] cloud-init[968]: Your identification has been saved in /etc/ssh/ssh_host_ed25519_key.
[    8.600394] cloud-init[968]: Your public key has been saved in /etc/ssh/ssh_host_ed25519_key.pub.
[    8.604863] cloud-init[968]: The key fingerprint is:
[    8.605861] cloud-init[968]: SHA256:rVW8mCOywFqu4PdDcxdkpwP70YF4rkmxjEDGnn8TLsI root@ubuntu-xenial
[    8.609095] cloud-init[968]: The key's randomart image is:
[    8.612925] cloud-init[968]: +--[ED25519 256]--+
[    8.617080] cloud-init[968]: |  oo    . .      |
[    8.618359] cloud-init[968]: |  .o   + = +     |
[    8.621638] cloud-init[968]: |  . o o X + +    |
[    8.628643] cloud-init[968]: |   + . * B = .   |
[    8.629112] cloud-init[968]: |  . = + S X .    |
[    8.636368] cloud-init[968]: |   E * X * .     |
[    8.644203] cloud-init[968]: |. . + * +        |
[    8.644705] cloud-init[968]: |.. o .           |
[    8.652520] cloud-init[968]: | .o ...          |
[    8.653215] cloud-init[968]: +----[SHA256]-----+
[[0;32m  OK  [0m] Started Pollinate to seed the pseudo random number generator.
         Starting OpenBSD Secure Shell server...
[[0;32m  OK  [0m] Started OpenBSD Secure Shell server.
[[0;32m  OK  [0m] Created slice User Slice of vagrant.
         Starting User Manager for UID 1000...
[[0;32m  OK  [0m] Started Session 1 of user vagrant.
[[0;32m  OK  [0m] Started User Manager for UID 1000.
[[0;32m  OK  [0m] Started Wait until snapd is fully seeded.
         Starting Apply the settings specified in cloud-config...
[[0;32m  OK  [0m] Reached target Multi-User System.
[[0;32m  OK  [0m] Reached target Graphical Interface.
         Starting Update UTMP about System Runlevel Changes...
[[0;32m  OK  [0m] Started Update UTMP about System Runlevel Changes.
[   12.819097] cloud-init[1351]: Generating locales (this might take a while)...
[   14.071944] cloud-init[1351]:   en_US.UTF-8... done
[   14.073358] cloud-init[1351]: Generation complete.

Ubuntu 16.04.6 LTS ubuntu-xenial ttyS0

ubuntu-xenial login: [   14.421330] cloud-init[1351]: Cloud-init v. 18.5-45-g3554ffe8-0ubuntu1~16.04.1 running 'modules:config' at Wed, 05 Jun 2019 07:08:22 +0000. Up 12.63 seconds.
ci-info: no authorized ssh keys fingerprints found for user ubuntu.
<14>Jun  5 07:08:24 ec2: 
<14>Jun  5 07:08:24 ec2: #############################################################
<14>Jun  5 07:08:24 ec2: -----BEGIN SSH HOST KEY FINGERPRINTS-----
<14>Jun  5 07:08:24 ec2: 1024 SHA256:EA8wBbclnksEeIvrKhO+3mfTPeEC5zlwEJ+LLa5BRVY root@ubuntu-xenial (DSA)
<14>Jun  5 07:08:24 ec2: 256 SHA256:mbejVl7rXo4X9Rk6uVevHC3uKR9hSxbQuLr898qtjUg root@ubuntu-xenial (ECDSA)
<14>Jun  5 07:08:24 ec2: 256 SHA256:rVW8mCOywFqu4PdDcxdkpwP70YF4rkmxjEDGnn8TLsI root@ubuntu-xenial (ED25519)
<14>Jun  5 07:08:24 ec2: 2048 SHA256:iqTx2kFARwi3A6NWnHy6ujvr9pmV/KcB96OSSYaNhoM root@ubuntu-xenial (RSA)
<14>Jun  5 07:08:24 ec2: -----END SSH HOST KEY FINGERPRINTS-----
<14>Jun  5 07:08:24 ec2: #############################################################
-----BEGIN SSH HOST KEY KEYS-----
ecdsa-sha2-nistp256 AAAAE2VjZHNhLXNoYTItbmlzdHAyNTYAAAAIbmlzdHAyNTYAAABBBLykhuzkRxWDxOZ5zipiChwPb6wJgCCIEY8eQuJOmSS22A59e2L23KZGk02FzdwY/V2LtAst52tGRVOzGDw2/PQ= root@ubuntu-xenial
ssh-ed25519 AAAAC3NzaC1lZDI1NTE5AAAAID/M0UaazmP8IfgvBr8aEZJMdDb5gPyoEkmnjzqHcBBv root@ubuntu-xenial
ssh-rsa AAAAB3NzaC1yc2EAAAADAQABAAABAQDQ8okc8PCxdlu34W1oiY+M31YRK2bqVFUgsVLduVC8RU8l7mKTC23DAhMC1+7IC6NFeVxqzrj68+NiCJlPFveJmsUwCdWre5Pe0fvCAoeNYAqSC/t5sbvuZG7QlRqlFmI4X0oosYrLGqXqdkkoMJb4NCUQn4gwg6ntS3L5jc8IDjQvBAJtnXkwLgsua9/jBfOB5Q/2wtBjKvFg54HjfW3Q0nTBWu4GBmGUc0vhzQ5GIeLvl0x0zLaDjzc2wyZA/vqx5HXsoHYvQytrBnkkAJYYExpyeSstVAyDw2cw4icYklyfnazFXr5AA9sI/PJDA1QOrJut/U1UiprnXd3fMP71 root@ubuntu-xenial
-----END SSH HOST KEY KEYS-----
[   14.889012] cloud-init[         Stopping libcontainer container 774...37ccc533127e025aba4a3323eff96ff.
         Stopping libcontainer container cf8...1605a572cab737f37c4f05c4bb9e2b2.
         Stopping Session 8 of user vagrant.
         Stopping libcontainer container 970...c4e524d7b3c8483f0dac093824e06f5.
         Stopping Session 5 of user vagrant.
         Stopping libcontainer container bb3...fc055c8d2299c691a75c590e6c5a39e.
         Stopping libcontainer container 09e...c6ab014480801ce2aebb288b74bcf02.
         Stopping libcontainer container 7c2...58958caabd5035f9e476412fe0953da.
         Stopping libcontainer container 317...afe4863816400367fffe9522bea0e4a.
         Stopping User Manager for UID 1000...
[[0;32m  OK  [0m] Stopped target Timers.
[[0;32m  OK  [0m] Stopped Daily Cleanup of Temporary Directories.
[[0;32m  OK  [0m] Stopped Daily apt upgrade and clean activities.
[[0;32m  OK  [0m] Stopped target Cloud-init target.
         Stopping Authenticate and Authorize Users to Run Privileged Tasks...
         Stopping libcontainer container 7df...7c4acb07d66bc0969d3497257fe7f75.
         Stopping libcontainer container 09c...924e49bb0a3e7ab82aa487b08db7463.
[[0;32m  OK  [0m] Stopped Daily apt download activities.
[[0;32m  OK  [0m] Stopped Kubernetes transient mount ...cret/kubernetes-dashboard-certs.
         Stopping libcontainer container 48e...0029b6a9e8f3a04caadaa4cd44a6cf3.
         Stopping libcontainer container 5fb...14608662bc430ca47e6a9e385f6a4c4.
         Stopping libcontainer container 710...9ab532f9a7fc0d47c42ee9b0c6ee8ae.
[[0;32m  OK  [0m] Stopped libcontainer container 431e...90b1c312d14051e2085cb3334be543d.
[[0;32m  OK  [0m] Stopped target Graphical Interface.
         Stopping Accounts Service...
         Stopping libcontainer container 8f9...7bb35c4edaf05760544ab926358b4ab.
         Stopping libcontainer container 6d6...6889f85e9699da1f926d48b97ea40da.
         Stopping libcontainer container af1...97f4aeab480edb893fb7992510ddaed.
[[0;32m  OK  [0m] Closed Load/Save RF Kill Switch Status /dev/rfkill Watch.
[[0;32m  OK  [0m] Stopped target System Time Synchronized.
[[0;32m  OK  [0m] Stopped Kubernetes transient mount ...o~secret/kube-proxy-token-dmfjf.
         Stopping ACPI event daemon...
[[0;32m  OK  [0m] Stopped Execute cloud user/final scripts.
[[0;32m  OK  [0m] Stopped target Multi-User System.
         Stopping LSB: Set the CPU Frequency Scaling governor to "ondemand"...
         Stopping FUSE filesystem for LXC...
         Stopping Regular background program processing daemon...
         Stopping Unattended Upgrades Shutdown...
         Stopping LSB: MD monitoring daemon...
         Stopping D-Bus System Message Bus...
         Stopping LXD - container startup/shutdown...
         Stopping System Logging Service...
         Stopping LSB: Record successful boot for GRUB...
         Stopping LSB: automatic crash report generation...
         Stopping LSB: daemon to balance interrupts for SMP systems...
         Stopping kubelet: The Kubernetes Node Agent...
[[0;32m  OK  [0m] Stopped target Login         Stopping Serial Getty on ttyS0...
         Stopping Getty on tty1...
         Stopping Docker Application Container Engine...
         Stopping Virtualbox guest utils...
         Stopping LSB: Set up cgroupfs mounts....
         Stopping Deferred execution scheduler...
         Stopping OpenBSD Secure Shell server...
         Stopping libcontainer container 872...2bea6e52b3f337c1086fd0220bde65b.
[[0;32m  OK  [0m] Stopped libcontainer container 350e...8333703062dbd332db45bd924bb8cca.
         Stopping libcontainer container fc0...5c882c781f8753ce9392c4e6ca3d134.
[[0;32m  OK  [0m] Stopped Apply the settings specified in cloud-config.
[[0;32m  OK  [0m] Stopped target Cloud-config availability.
[[0;32m  OK  [0m] Stopped Wait until snapd is fully seeded.
         Stopping libcontainer container f5f...5590397782889b0c12d32a2b293aa50.
[[0;32m  OK  [0m] Unmounted /var/lib/lxcfs.
[[0;32m  OK  [0m] Stopped Regular background program processing daemon.
[[0;32m  OK  [0m] Stopped Deferred execution scheduler.
[[0;32m  OK  [0m] Stopped Accounts Service.
[[0;32m  OK  [0m] Stopped System Logging Service.
[[0;32m  OK  [0m] Stopped Authenticate and Authorize Users to Run Privileged Tasks.
[[0;32m  OK  [0m] Stopped Getty on tty1.
[[0;32m  OK  [0m] Stopped ACPI event daemon.
[[0;32m  OK  [0m] Stopped Unattended Upgrades Shutdown.
[[0;32m  OK  [0m] Stopped Serial Getty on ttyS0.
[[0;32m  OK  [0m] Stopped OpenBSD Secure Shell server.
[[0;32m  OK  [0m] Stopped User Manager for UID 1000.
[[0;32m  OK  [0m] Stopped kubelet: The Kubernetes Node Agent.
[[0;32m  OK  [0m] Stopped Session 8 of user vagrant.
[[0;32m  OK  [0m] Stopped D-Bus System Message Bus.
[[0;32m  OK  [0m] Stopped LSB: Set up cgroupfs mounts..
[[0;32m  OK  [0m] Stopped FUSE filesystem for LXC.
[[0;32m  OK  [0m] Stopped libcontainer container bb36...fc055c8d2299c691a75c590e6c5a39e.
[[0;32m  OK  [0m] Stopped libcontainer container 774b...37ccc533127e025aba4a3323eff96ff.
[[0;32m  OK  [0m] Stopped libcontainer container 7109...9ab532f9a7fc0d47c42ee9b0c6ee8ae.
[[0;32m  OK  [0m] Stopped libcontainer container 3173...afe4863816400367fffe9522bea0e4a.
[[0;32m  OK  [0m] Stopped libcontainer container 5fb7...14608662bc430ca47e6a9e385f6a4c4.
[[0;32m  OK  [0m] Stopped libcontainer container 09e9...c6ab014480801ce2aebb288b74bcf02.
[[0;32m  OK  [0m] Stopped LXD - container startup/shutdown.
[[0;32m  OK  [0m] Stopped libcontainer container 9703...c4e524d7b3c8483f0dac093824e06f5.
[[0;32m  OK  [0m] Stopped libcontainer container 8722...2bea6e52b3f337c1086fd0220bde65b.
[[0;32m  OK  [0m] Stopped libcontainer container f5f8...5590397782889b0c12d32a2b293aa50.
[[0;32m  OK  [0m] Stopped LSB: Set the CPU Frequency Scaling governor to "ondemand".
[[0;32m  OK  [0m] Stopped LSB: MD monitoring daemon.
[[0;32m  OK  [0m] Stopped LSB: automatic crash report generation.
[[0;32m  OK  [0m] Stopped LSB: Record successful boot for GRUB.
[[0;32m  OK  [0m] Stopped libcontainer container 7c2e...58958caabd5035f9e476412fe0953da.
[[0;32m  OK  [0m] Stopped LSB: daemon to balance interrupts for SMP systems.
[[0;32m  OK  [0m] Stopped Virtualbox guest utils.
[[0;32m  OK  [0m] Removed slice libcontainer containe...5f_11e9_9b37_026dcd796e19.slice.
[[0;32m  OK  [0m] Removed slice libcontainer containe...5f_11e9_9b37_026dcd796e19.slice.
[[0;32m  OK  [0m] Removed slice libcontainer containe...5f_11e9_9b37_026dcd796e19.slice.
[[0;32m  OK  [0m] Removed slice system-serial\x2dgetty.slice.
[[0;32m  OK  [0m] Removed slice system-getty.slice.
[[0;32m  OK  [0m] Stopped /etc/rc.local Compatibility.
[[0;32m  OK  [0m] Stopped Session 5 of user vagrant.
[[0;32m  OK  [0m] Removed slice User Slice of vagrant.
         Stopping Login Service...
         Stopping Permit User Sessions...
[[0;32m  OK  [0m] Stopped Permit User Sessions.
[[0;32m  OK  [0m] Stopped target Remote File Systems.
[[0;32m  OK  [0m] Stopped target Remote File Systems (Pre).
         Stopping Login to default iSCSI targets...
[[0;32m  OK  [0m] Removed slice libcontainer_6092_systemd_test_default.slice.
[[0;32m  OK  [0m] Removed slice libcontainer_6092_systemd_test_default.slice.
[[0;32m  OK  [0m] Stopped Login Service.
[[0;32m  OK  [0m] Stopped Login to default iSCSI targets.
         Stopping iSCSI initiator daemon (iscsid)...
[[0;32m  OK  [0m] Removed slice libcontainer_6092_systemd_test_default.slice.
[[0;32m  OK  [0m] Stopped target User and Group Name Lookups.
[[0;32m  OK  [0m] Stopped iSCSI initiator daemon (iscsid).
[[0;32m  OK  [0m] Removed slice libcontainer_6104_systemd_test_default.slice.
[[0;32m  OK  [0m] Removed slice libcontainer_6111_systemd_test_default.slice.
[[0;32m  OK  [0m] Removed slice libcontainer_6121_systemd_test_default.slice.
[[0;32m  OK  [0m] Removed slice libcontainer_6095_systemd_test_default.slice.
[[0;32m  OK  [0m] Removed slice libcontainer_6095_systemd_test_default.slice.
[[0;32m  OK  [0m] Stopped libcontainer container 8f93...7bb35c4edaf05760544ab926358b4ab.
[[0;32m  OK  [0m] Removed slice libcontainer_6135_systemd_test_default.slice.
[[0;32m  OK  [0m] Removed slice libcontainer_6133_systemd_test_default.slice.
[[0;32m  OK  [0m] Removed slice libcontainer_6095_systemd_test_default.slice.
[[0;32m  OK  [0m] Removed slice libcontainer_6094_systemd_test_default.slice.
[[0;32m  OK  [0m] Removed slice libcontainer_6090_systemd_test_default.slice.
[[0;32m  OK  [0m] Removed slice libcontainer_6090_systemd_test_default.slice.
[[0;32m  OK  [0m] Removed slice libcontainer_6135_systemd_test_default.slice.
[[0;32m  OK  [0m] Removed slice libcontainer_6094_systemd_test_default.slice.
[[0;32m  OK  [0m] Removed slice libcontainer_6133_systemd_test_default.slice.
[[0;32m  OK  [0m] Removed slice libcontainer_6135_systemd_test_default.slice.
[[0;32m  OK  [0m] Removed slice libcontainer_6090_systemd_test_default.slice.
[[0;32m  OK  [0m] Removed slice libcontainer_6134_systemd_test_default.slice.
[[0;32m  OK  [0m] Removed slice libcontainer_6098_systemd_test_default.slice.
[[0;32m  OK  [0m] Removed slice libcontainer_6093_systemd_test_default.slice.
[[0;32m  OK  [0m] Removed slice libcontainer_6098_systemd_test_default.slice.
[[0;32m  OK  [0m] Removed slice libcontainer_6093_systemd_test_default.slice.
[[0;32m  OK  [0m] Removed slice libcontainer_6094_systemd_test_default.slice.
[[0;32m  OK  [0m] Removed slice libcontainer_6128_systemd_test_default.slice.
[[0;32m  OK  [0m] Removed slice libcontainer_6093_systemd_test_default.slice.
[[0;32m  OK  [0m] Removed slice libcontainer_6098_systemd_test_default.slice.
[[0;32m  OK  [0m] Removed slice libcontainer_6153_systemd_test_default.slice.
[[0;32m  OK  [0m] Removed slice libcontainer_6154_systemd_test_default.slice.
[[0;32m  OK  [0m] Removed slice libcontainer_6153_systemd_test_default.slice.
[[0;32m  OK  [0m] Removed slice libcontainer_6128_systemd_test_default.slice.
[[0;32m  OK  [0m] Removed slice libcontainer_6149_systemd_test_default.slice.
[[0;32m  OK  [0m] Removed slice libcontainer_6154_systemd_test_default.slice.
[[0;32m  OK  [0m] Removed slice libcontainer_6134_systemd_test_default.slice.
[[0;32m  OK  [0m] Removed slice libcontainer_6110_systemd_test_default.slice.
[[0;32m  OK  [0m] Removed slice libcontainer_6149_systemd_test_default.slice.
[[0;32m  OK  [0m] Removed slice libcontainer_6096_systemd_test_default.slice.
[[0;32m  OK  [0m] Removed slice libcontainer_6134_systemd_test_default.slice.
[[0;32m  OK  [0m] Removed slice libcontainer_6127_systemd_test_default.slice.
[[0;32m  OK  [0m] Removed slice libcontainer_6127_systemd_test_default.slice.
[[0;32m  OK  [0m] Removed slice libcontainer_6110_systemd_test_default.slice.
[[0;32m  OK  [0m] Removed slice libcontainer_6128_systemd_test_default.slice.
[[0;32m  OK  [0m] Removed slice libcontainer_6149_systemd_test_default.slice.
[[0;32m  OK  [0m] Removed slice libcontainer_6127_systemd_test_default.slice.
[[0;32m  OK  [0m] Removed slice libcontainer_6091_systemd_test_default.slice.
[[0;32m  OK  [0m] Removed slice libcontainer_6091_systemd_test_default.slice.
[[0;32m  OK  [0m] Removed slice libcontainer_6091_systemd_test_default.slice.
[[0;32m  OK  [0m] Removed slice libcontainer_6110_systemd_test_default.slice.
[[0;32m  OK  [0m] Removed slice libcontainer_6154_systemd_test_default.slice.
[[0;32m  OK  [0m] Removed slice libcontainer_6096_systemd_test_default.slice.
[[0;32m  OK  [0m] Removed slice libcontainer_6096_systemd_test_default.slice.
[[0;32m  OK  [0m] Removed slice libcontainer_6393_systemd_test_default.slice.
[[0;32m  OK  [0m] Removed slice libcontainer_6393_systemd_test_default.slice.
[[0;32m  OK  [0m] Removed slice libcontainer_6393_systemd_test_default.slice.
[[0;32m  OK  [0m] Removed slice libcontainer_6422_systemd_test_default.slice.
[[0;32m  OK  [0m] Removed slice libcontainer_6422_systemd_test_default.slice.
[[0;32m  OK  [0m] Removed slice libcontainer_6422_systemd_test_default.slice.
[[0;32m  OK  [0m] Removed slice libcontainer_6397_systemd_test_default.slice.
[[0;32m  OK  [0m] Removed slice libcontainer_6397_systemd_test_default.slice.
[[0;32m  OK  [0m] Removed slice libcontainer_6442_systemd_test_default.slice.
[[0;32m  OK  [0m] Removed slice libcontainer_6414_systemd_test_default.slice.
[[0;32m  OK  [0m] Removed slice libcontainer_6396_systemd_test_default.slice.
[[0;32m  OK  [0m] Removed slice libcontainer_6442_systemd_test_default.slice.
[[0;32m  OK  [0m] Removed slice libcontainer_6396_systemd_test_default.slice.
[[0;32m  OK  [0m] Removed slice libcontainer_6414_systemd_test_default.slice.
[[0;32m  OK  [0m] Removed slice libcontainer_6396_systemd_test_default.slice.
[[0;32m  OK  [0m] Removed slice libcontainer_6442_systemd_test_default.slice.
[[0;32m  OK  [0m] Removed slice libcontainer_6414_systemd_test_default.slice.
[[0;32m  OK  [0m] Removed slice libcontainer_6454_systemd_test_default.slice.
[[0;32m  OK  [0m] Removed slice libcontainer_6454_systemd_test_default.slice.
[[0;32m  OK  [0m] Removed slice libcontainer_6454_systemd_test_default.slice.
[[0;32m  OK  [0m] Removed slice libcontainer_6445_systemd_test_default.slice.
[[0;32m  OK  [0m] Removed slice libcontainer_6445_systemd_test_default.slice.
[[0;32m  OK  [0m] Removed slice libcontainer_6445_systemd_test_default.slice.
[[0;32m  OK  [0m] Removed slice libcontainer_6478_systemd_test_default.slice.
[[0;32m  OK  [0m] Removed slice libcontainer_6478_systemd_test_default.slice.
[[0;32m  OK  [0m] Removed slice libcontainer_6478_systemd_test_default.slice.
[[0;32m  OK  [0m] Removed slice libcontainer_6500_systemd_test_default.slice.
[[0;32m  OK  [0m] Removed slice libcontainer_6500_systemd_test_default.slice.
[[0;32m  OK  [0m] Removed slice libcontainer_6474_systemd_test_default.slice.
[[0;32m  OK  [0m] Removed slice libcontainer_6500_systemd_test_default.slice.
[[0;32m  OK  [0m] Removed slice libcontainer_6474_systemd_test_default.slice.
[[0;32m  OK  [0m] Removed slice libcontainer_6488_systemd_test_default.slice.
[[0;32m  OK  [0m] Removed slice libcontainer_6488_systemd_test_default.slice.
[[0;32m  OK  [0m] Removed slice libcontainer_6488_systemd_test_default.slice.
[[0;32m  OK  [0m] Removed slice libcontainer_6474_systemd_test_default.slice.
[[0;32m  OK  [0m] Unmounted /var/lib/docker/container...737f37c4f05c4bb9e2b2/mounts/shm.
[[0;32m  OK  [0m] Unmounted /var/lib/docker/overlay2/...e525e081f7100b7f398057d5/merged.
[[0;32m  OK  [0m] Removed slice libcontainer_6495_systemd_test_default.slice.
[[0;32m  OK  [0m] Removed slice libcontainer_6495_systemd_test_default.slice.
[[0;32m  OK  [0m] Removed slice libcontainer_6495_systemd_test_default.slice.
[[0;32m  OK  [0m] Unmounted /var/lib/docker/overlay2/...74d310e6fb6458bacf2e77db/merged.
[[0;32m  OK  [0m] Removed slice libcontainer_6518_systemd_test_default.slice.
[[0;32m  OK  [0m] Unmounted /var/lib/docker/overlay2/...53b1c0ab33346a6bafbdfe7d/merged.
[[0;32m  OK  [0m] Removed slice libcontainer_6518_systemd_test_default.slice.
[[0;32m  OK  [0m] Removed slice libcontainer_6513_systemd_test_default.slice.
[[0;32m  OK  [0m] Removed slice libcontainer_6518_systemd_test_default.slice.
[[0;32m  OK  [0m] Removed slice libcontainer_6513_systemd_test_default.slice.
[[0;32m  OK  [0m] Removed slice libcontainer_6526_systemd_test_default.slice.
[[0;32m  OK  [0m] Removed slice libcontainer_6532_systemd_test_default.slice.
[[0;32m  OK  [0m] Removed slice libcontainer_6526_systemd_test_default.slice.
[[0;32m  OK  [0m] Removed slice libcontainer_6532_systemd_test_default.slice.
[[0;32m  OK  [0m] Removed slice libcontainer_6604_systemd_test_default.slice.
[[0;32m  OK  [0m] Removed slice libcontainer_6604_systemd_test_default.slice.
[[0;32m  OK  [0m] Removed slice libcontainer_6604_systemd_test_default.slice.
[[0;32m  OK  [0m] Unmounted /var/lib/docker/overlay2/...4251d26c7494d6c11159ab44/merged.
[[0;32m  OK  [0m] Removed slice libcontainer_6476_systemd_test_default.slice.
[[0;32m  OK  [0m] Removed slice libcontainer_6529_systemd_test_default.slice.
[[0;32m  OK  [0m] Removed slice libcontainer_6529_systemd_test_default.slice.
[[0;32m  OK  [0m] Removed slice libcontainer_6544_systemd_test_default.slice.
[[0;32m  OK  [0m] Removed slice libcontainer_6586_systemd_test_default.slice.
[[0;32m  OK  [0m] Removed slice libcontainer_6529_systemd_test_default.slice.
[[0;32m  OK  [0m] Removed slice libcontainer_6586_systemd_test_default.slice.
[[0;32m  OK  [0m] Removed slice libcontainer_6544_systemd_test_default.slice.
[[0;32m  OK  [0m] Removed slice libcontainer_6544_systemd_test_default.slice.
[[0;32m  OK  [0m] Removed slice libcontainer_6554_systemd_test_default.slice.
[[0;32m  OK  [0m] Removed slice libcontainer_6554_systemd_test_default.slice.
[[0;32m  OK  [0m] Removed slice libcontainer_6514_systemd_test_default.slice.
[[0;32m  OK  [0m] Removed slice libcontainer_6476_systemd_test_default.slice.
[[0;32m  OK  [0m] Removed slice libcontainer_6586_systemd_test_default.slice.
[[0;32m  OK  [0m] Removed slice libcontainer_6514_systemd_test_default.slice.
[[0;32m  OK  [0m] Removed slice libcontainer_6556_systemd_test_default.slice.
[[0;32m  OK  [0m] Removed slice libcontainer_6556_systemd_test_default.slice.
[[0;32m  OK  [0m] Unmounted /run/docker/netns/2538cc504629.
[[0;32m  OK  [0m] Removed slice libcontainer_6556_systemd_test_default.slice.
[[0;32m  OK  [0m] Removed slice libcontainer_6547_systemd_test_default.slice.
[[0;32m  OK  [0m] Unmounted /var/lib/docker/container...bc0969d3497257fe7f75/mounts/shm.
[[0;32m  OK  [0m] Removed slice libcontainer_6547_systemd_test_default.slice.
[[0;32m  OK  [0m] Removed slice libcontainer_6546_systemd_test_default.slice.
[[0;32m  OK  [0m] Removed slice libcontainer_6547_systemd_test_default.slice.
[[0;32m  OK  [0m] Unmounted /var/lib/docker/overlay2/...07658bf2056e55faa3e4f09e/merged.
[[0;32m  OK  [0m] Removed slice libcontainer_6546_systemd_test_default.slice.
[[0;32m  OK  [0m] Unmounted /var/lib/docker/container...9c691a75c590e6c5a39e/mounts/shm.
[[0;32m  OK  [0m] Unmounted /var/lib/docker/overlay2/...bc20f4c88ddc6156cb8bb930/merged.
[[0;32m  OK  [0m] Unmounted /var/lib/docker/overlay2/...d14f2be55f711ef3866c7f29/merged.
[[0;32m  OK  [0m] Removed slice libcontainer_6514_systemd_test_default.slice.
[[0;32m  OK  [0m] Removed slice libcontainer_6554_systemd_test_default.slice.
[[0;32m  OK  [0m] Removed slice libcontainer_6620_systemd_test_default.slice.
[[0;32m  OK  [0m] Removed slice libcontainer_6620_systemd_test_default.slice.
[[0;32m  OK  [0m] Removed slice libcontainer_6546_systemd_test_default.slice.
[[0;32m  OK  [0m] Removed slice libcontainer_6605_systemd_test_default.slice.
[[0;32m  OK  [0m] Removed slice libcontainer_6620_systemd_test_default.slice.
[[0;32m  OK  [0m] Removed slice libcontainer_6605_systemd_test_default.slice.
[[0;32m  OK  [0m] Unmounted /var/lib/docker/overlay2/...dc3a254d3a6738c02e6767db/merged.
[[0;32m  OK  [0m] Removed slice libcontainer_6605_systemd_test_default.slice.
[[0;32m  OK  [0m] Removed slice libcontainer_6630_systemd_test_default.slice.
[[0;32m  OK  [0m] Removed slice libcontainer_6630_systemd_test_default.slice.
[[0;32m  OK  [0m] Unmounted /var/lib/docker/overlay2/...619de9a54079ee77eff2104f/merged.
[[0;32m  OK  [0m] Removed slice libcontainer_6630_systemd_test_default.slice.
[[0;32m  OK  [0m] Unmounted /var/lib/docker/overlay2/...219a3af1106b222f1672a06d/merged.
[[0;32m  OK  [0m] Unmounted /run/docker/netns/e64fca1c72e8.
[[0;32m  OK  [0m] Removed slice libcontainer_6667_systemd_test_default.slice.
[[0;32m  OK  [0m] Removed slice libcontainer_6640_systemd_test_default.slice.
[[0;32m  OK  [0m] Unmounted /var/lib/docker/container...337c1086fd0220bde65b/mounts/shm.
[[0;32m  OK  [0m] Unmounted /var/lib/docker/overlay2/...7068decb47ff5fbeb52b7c0d/merged.
[[0;32m  OK  [0m] Removed slice libcontainer_6640_systemd_test_default.slice.
[[0;32m  OK  [0m] Removed slice libcontainer_6667_systemd_test_default.slice.
[[0;32m  OK  [0m] Removed slice libcontainer_6668_systemd_test_default.slice.
[[0;32m  OK  [0m] Removed slice libcontainer_6662_systemd_test_default.slice.
[[0;32m  OK  [0m] Removed slice libcontainer_6640_systemd_test_default.slice.
[[0;32m  OK  [0m] Removed slice libcontainer_6675_systemd_test_default.slice.
[[0;32m  OK  [0m] Removed slice libcontainer_6666_systemd_test_default.slice.
[[0;32m  OK  [0m] Removed slice libcontainer_6666_systemd_test_default.slice.
[[0;32m  OK  [0m] Removed slice libcontainer_6662_systemd_test_default.slice.
[[0;32m  OK  [0m] Removed slice libcontainer_6702_systemd_test_default.slice.
[[0;32m  OK  [0m] Removed slice libcontainer_6675_systemd_test_default.slice.
[[0;32m  OK  [0m] Removed slice libcontainer_6667_systemd_test_default.slice.
[[0;32m  OK  [0m] Removed slice libcontainer_6668_systemd_test_default.slice.
[[0;32m  OK  [0m] Unmounted /var/lib/docker/overlay2/...9a4a47371471e4fc20cf3b79/merged.
[[0;32m  OK  [0m] Removed slice libcontainer_6702_systemd_test_default.slice.
[[0;32m  OK  [0m] Removed slice libcontainer_6662_systemd_test_default.slice.
[[0;32m  OK  [0m] Removed slice libcontainer_6675_systemd_test_default.slice.
[[0;32m  OK  [0m] Removed slice libcontainer_6702_systemd_test_default.slice.
[[0;32m  OK  [0m] Unmounted /var/lib/docker/container...c0d47c42ee9b0c6ee8ae/mounts/shm.
[[0;32m  OK  [0m] Removed slice libcontainer_6629_systemd_test_default.slice.
[[0;32m  OK  [0m] Unmounted /var/lib/docker/overlay2/...257f1957312bc7f62557f284/merged.
[[0;32m  OK  [0m] Unmounted /var/lib/docker/overlay2/...23f95e01da1b085542165f30/merged.
[[0;32m  OK  [0m] Unmounted /var/lib/docker/container...8483f0dac093824e06f5/mounts/shm.
[[0;32m  OK  [0m] Removed slice libcontainer_6629_systemd_test_default.slice.
[[0;32m  OK  [0m] Unmounted /var/lib/docker/overlay2/...f0f92af55484c2f9cc49f8f1/merged.
[[0;32m  OK  [0m] Removed slice libcontainer_6629_systemd_test_default.slice.
[[0;32m  OK  [0m] Unmounted /run/docker/netns/55dc832cf2f5.
[[0;32m  OK  [0m] Unmounted /var/lib/docker/container...3a04caadaa4cd44a6cf3/mounts/shm.
[[0;32m  OK  [0m] Removed slice libcontainer_6710_systemd_test_default.slice.
[[0;32m  OK  [0m] Unmounted /var/lib/docker/overlay2/...4dde17a9994fe59d60e1dafc/merged.
[[0;32m  OK  [0m] Unmounted /var/lib/docker/container...00367fffe9522bea0e4a/mounts/shm.
[[0;32m  OK  [0m] Unmounted /var/lib/docker/overlay2/...6066ccaa9b23e281e7ff670f/merged.
[[0;32m  OK  [0m] Unmounted /var/lib/docker/overlay2/...8aefe81eb4045e901ef61751/merged.
[[0;32m  OK  [0m] Removed slice libcontainer_6710_systemd_test_default.slice.
[[0;32m  OK  [0m] Removed slice libcontainer_6736_systemd_test_default.slice.
[[0;32m  OK  [0m] Removed slice libcontainer_6710_systemd_test_default.slice.
[[0;32m  OK  [0m] Removed slice libcontainer_6736_systemd_test_default.slice.
[[0;32m  OK  [0m] Removed slice libcontainer_6736_systemd_test_default.slice.
[[0;32m  OK  [0m] Unmounted /var/lib/docker/overlay2/...7ff03a89febc2f94e606edda/merged.
[[0;32m  OK  [0m] Unmounted /var/lib/docker/container...30ca47e6a9e385f6a4c4/mounts/shm.
[[0;32m  OK  [0m] Unmounted /var/lib/docker/overlay2/...03f522453be45e9228ad6034/merged.
[[0;32m  OK  [0m] Stopped Docker Application Container Engine.
         Stopping containerd container runtime...
[[0;32m  OK  [0m] Stopped target Network is Online.
[[0;32m  OK  [0m] Stopped containerd container runtime.
[[0;32m  OK  [0m] Stopped target Basic System.
[[0;32m  OK  [0m] Stopped target Sockets.
[[0;32m  OK  [0m] Closed ACPID Listen Socket.
[[0;32m  OK  [0m] Closed D-Bus System Message Bus Socket.
[[0;32m  OK  [0m] Closed Syslog Socket.
[[0;32m  OK  [0m] Closed Docker Socket for the API.
[[0;32m  OK  [0m] Closed Socket activation for snappy daemon.
[[0;32m  OK  [0m] Closed UUID daemon activation socket.
[[0;32m  OK  [0m] Closed LXD - unix socket.
[[0;32m  OK  [0m] Stopped target Paths.
[[0;32m  OK  [0m] Stopped Dispatch Password Requests to Console Directory Watch.
[[0;32m  OK  [0m] Stopped Forward Password Requests to Wall Directory Watch.
[[0;32m  OK  [0m] Stopped ACPI Events Check.
[[0;32m  OK  [0m] Stopped target Slices.
[[0;32m  OK  [0m] Removed slice User and Session Slice.
[[0;32m  OK  [0m] Stopped target Network.
[[0;32m  OK  [0m] Stopped target System Initialization.
[[0;32m  OK  [0m] Stopped Initial cloud-init job (metadata service crawler).
         Stopping Raise network interfaces...
[[0;32m  OK  [0m] Stopped target Swap.
[[0;32m  OK  [0m] Stopped target Encrypted Volumes.
[[0;32m  OK  [0m] Stopped Commit a transient machine-id on disk.
         Stopping LSB: ebtables ruleset management...
         Stopping Update UTMP about System Boot/Shutdown...
         Stopping Load/Save Random Seed...
[[0;32m  OK  [0m] Stopped Load/Save Random Seed.
[[0;32m  OK  [0m] Stopped Update UTMP about System Boot/Shutdown.
[[0;32m  OK  [0m] Stopped Create Volatile Files and Directories.
[[0;32m  OK  [0m] Stopped LSB: ebtables ruleset management.
[[0;32m  OK  [0m] Stopped Raise network interfaces.
[[0;32m  OK  [0m] Stopped target Network (Pre).
[[0;32m  OK  [0m] Stopped Initial cloud-init job (pre-networking).
[[0;32m  OK  [0m] Stopped target Local File Systems.
         Unmounting /var/lib/kubelet/pods/f9...ernetes-dashboard-token-w4899...
         Unmounting /vagrant...
         Unmounting /run/docker/netns/default...
         Unmounting /var/lib/kubelet/pods/f9...et/kubernetes-dashboard-certs...
         Unmounting /run/user/1000...
         Unmounting /var/lib/kubelet/pods/f9...io~secret/coredns-token-z6p42...
         Unmounting /var/lib/kubelet/pods/f9...io~secret/coredns-token-z6p42...
         Unmounting /var/lib/kubelet/pods/f9...s.io~secret/canal-token-hnz9m...
         Unmounting /var/lib/kubelet/pods/f9...secret/kube-proxy-token-dmfjf...
[[0;32m  OK  [0m] Stopped Apply Kernel Variables.
[[0;32m  OK  [0m] Stopped Load Kernel Modules.
[[0;32m  OK  [0m] Unmounted /var/lib/kubelet/pods/f98...ubernetes-dashboard-token-w4899.
[[0;32m  OK  [0m] Unmounted /vagrant.
[[0;32m  OK  [0m] Unmounted /run/docker/netns/default.
[[0;32m  OK  [0m] Unmounted /var/lib/kubelet/pods/f98...cret/kubernetes-dashboard-certs.
[[0;32m  OK  [0m] Unmounted /run/user/1000.
[[0;32m  OK  [0m] Unmounted /var/lib/kubelet/pods/f98...s.io~secret/coredns-token-z6p42.
[[0;32m  OK  [0m] Unmounted /var/lib/kubelet/pods/f98...s.io~secret/coredns-token-z6p42.
[[0;32m  OK  [0m] Unmounted /var/lib/kubelet/pods/f9d...tes.io~secret/canal-token-hnz9m.
[[0;32m  OK  [0m] Unmounted /var/lib/kubelet/pods/f9d...o~secret/kube-proxy-token-dmfjf.
[[0;32m  OK  [0m] Reached target Unmount All Filesystems.
[[0;32m  OK  [0m] Stopped target Local File Systems (Pre).
[[0;32m  OK  [0m] Stopped Create Static Device Nodes in /dev.
         Stopping Monitoring of LVM2 mirrors... dmeventd or progress polling...
[[0;32m  OK  [0m] Stopped Remount Root and Kernel File Systems.
[[0;32m  OK  [0m] Stopped Monitoring of LVM2 mirrors,...ng dmeventd or progress polling.
         Stopping LVM2 metadata daemon...
[[0;32m  OK  [0m] Stopped LVM2 metadata daemon.
